<?xml version="1.0" encoding="UTF-8"?>
<!-- Generated by org.testng.reporters.JUnitReportReporter -->
<testsuite hostname="Suraj" failures="0" tests="1" name="webTest.LoginTest" time="47.174" errors="0" timestamp="27 May 2022 07:15:36 GMT">
  <testcase classname="webTest.LoginTest" name="checkLogin" time="47.174"/>
</testsuite> <!-- webTest.LoginTest -->
