<?xml version="1.0" encoding="UTF-8"?>
<!-- Generated by org.testng.reporters.JUnitReportReporter -->
<testsuite hostname="Suraj" failures="0" tests="1" name="webTest.Blocks_Wings_Test" time="69.219" errors="0" timestamp="9 Jun 2022 12:52:20 GMT">
  <testcase classname="webTest.Blocks_Wings_Test" name="BlockTests" time="69.219"/>
</testsuite> <!-- webTest.Blocks_Wings_Test -->
