<?xml version="1.0" encoding="UTF-8"?>
<!-- Generated by org.testng.reporters.JUnitReportReporter -->
<testsuite hostname="Suraj" failures="0" tests="1" name="webTest.LogoutTest" time="37.720" errors="0" timestamp="8 Jun 2022 12:05:20 GMT">
  <testcase classname="webTest.LogoutTest" name="checkLogout" time="37.720"/>
</testsuite> <!-- webTest.LogoutTest -->
