<?xml version="1.0" encoding="UTF-8"?>
<!-- Generated by org.testng.reporters.JUnitReportReporter -->
<testsuite hostname="Suraj" failures="0" tests="1" name="webTest.GuardProfileTest" time="149.748" errors="0" timestamp="14 Jun 2022 13:52:32 GMT">
  <testcase classname="webTest.GuardProfileTest" name="GuardProfile" time="149.748"/>
</testsuite> <!-- webTest.GuardProfileTest -->
