<?xml version="1.0" encoding="UTF-8"?>
<!-- Generated by org.testng.reporters.JUnitReportReporter -->
<testsuite hostname="Suraj" failures="0" tests="1" name="webTest.VehicleSetupTest" time="132.978" errors="0" timestamp="31 May 2022 06:16:39 GMT">
  <testcase classname="webTest.VehicleSetupTest" name="VehicleSetup" time="132.978"/>
</testsuite> <!-- webTest.VehicleSetupTest -->
